## Ackbar ## 180 ## 83.0 ## none ## brown mottle ## orange ## 41BBY ## male ## Mon Cala ## 
## Adi Gallia ## 184 ## 50.0 ## none ## dark ## blue ## unknown ## female ## Coruscant ## 
## Anakin Skywalker ## 188 ## 84.0 ## blond ## fair ## blue ## 41.9BBY ## male ## Tatooine ## 
## Arvel Crynyd ## unknown ## unknown ## brown ## fair ## brown ## unknown ## male ## unknown ## 
## Ayla Secura ## 178 ## 55.0 ## none ## blue ## hazel ## 48BBY ## female ## Ryloth ## 
## BB8 ## unknown ## unknown ## none ## none ## black ## unknown ## none ## unknown ## 
## Bail Prestor Organa ## 191 ## unknown ## black ## tan ## brown ## 67BBY ## male ## Alderaan ## 
## Barriss Offee ## 166 ## 50.0 ## black ## yellow ## blue ## 40BBY ## female ## Mirial ## 
## Ben Quadinaros ## 163 ## 65.0 ## none ## grey, green, yellow ## orange ## unknown ## male ## Tund ## 
## Beru Whitesun lars ## 165 ## 75.0 ## brown ## light ## blue ## 47BBY ## female ## Tatooine ## 
## Bib Fortuna ## 180 ## unknown ## none ## pale ## pink ## unknown ## male ## Ryloth ## 
## Biggs Darklighter ## 183 ## 84.0 ## black ## light ## brown ## 24BBY ## male ## Tatooine ## 
## Boba Fett ## 183 ## 78.2 ## black ## fair ## brown ## 31.5BBY ## male ## Kamino ## 
## Bossk ## 190 ## 113.0 ## none ## green ## red ## 53BBY ## male ## Trandosha ## 
## C-3PO ## 167 ## 75.0 ## n/a ## gold ## yellow ## 112BBY ## n/a ## Tatooine ## 
## Chewbacca ## 228 ## 112.0 ## brown ## unknown ## blue ## 200BBY ## male ## Kashyyyk ## 
## Cliegg Lars ## 183 ## unknown ## brown ## fair ## blue ## 82BBY ## male ## Tatooine ## 
## Cordé ## 157 ## unknown ## brown ## light ## brown ## unknown ## female ## Naboo ## 
## Darth Maul ## 175 ## 80.0 ## none ## red ## yellow ## 54BBY ## male ## Dathomir ## 
## Darth Vader ## 202 ## 136.0 ## none ## white ## yellow ## 41.9BBY ## male ## Tatooine ## 
## Dexter Jettster ## 198 ## 102.0 ## none ## brown ## yellow ## unknown ## male ## Ojom ## 
## Dooku ## 193 ## 80.0 ## white ## fair ## brown ## 102BBY ## male ## Serenno ## 
## Dormé ## 165 ## unknown ## brown ## light ## brown ## unknown ## female ## Naboo ## 
## Dud Bolt ## 94 ## 45.0 ## none ## blue, grey ## yellow ## unknown ## male ## Vulpter ## 
## Eeth Koth ## 171 ## unknown ## black ## brown ## brown ## unknown ## male ## Iridonia ## 
## Finis Valorum ## 170 ## unknown ## blond ## fair ## blue ## 91BBY ## male ## Coruscant ## 
## Finn ## unknown ## unknown ## black ## dark ## dark ## unknown ## male ## unknown ## 
## Gasgano ## 122 ## unknown ## none ## white, blue ## black ## unknown ## male ## Troiken ## 
## Greedo ## 173 ## 74.0 ## n/a ## green ## black ## 44BBY ## male ## Rodia ## 
## Gregar Typho ## 185 ## 85.0 ## black ## dark ## brown ## unknown ## male ## Naboo ## 
## Grievous ## 216 ## 159.0 ## none ## brown, white ## green, yellow ## unknown ## male ## Kalee ## 
## Han Solo ## 180 ## 80.0 ## brown ## fair ## brown ## 29BBY ## male ## Corellia ## 
## IG-88 ## 200 ## 140.0 ## none ## metal ## red ## 15BBY ## none ## unknown ## 
